Using pre-set license
Built from '2020.3/staging' branch; Version is '2020.3.14f1 (d0d1bb862f9d) revision 13685179'; Using compiler version '192528614'; Build Type 'Release'
OS: 'Windows 10 Pro; OS build 19043.1237; Version 2009; 64bit' Language: 'es' Physical Memory: 8129 MB
BatchMode: 1, IsHumanControllingUs: 0, StartBugReporterOnCrash: 0, Is64bit: 1, IsPro: 0

 COMMAND LINE ARGUMENTS:
C:\Program Files\Unity\Hub\Editor\2020.3.14f1\Editor\Unity.exe
-adb2
-batchMode
-noUpm
-name
AssetImportWorker0
-projectPath
E:/Programacion/Super Mario
-logFile
Logs/AssetImportWorker0.log
-srvPort
53662
Successfully changed project path to: E:/Programacion/Super Mario
E:/Programacion/Super Mario
Using Asset Import Pipeline V2.
Refreshing native plugins compatible for Editor in 27.92 ms, found 2 plugins.
Preloading 0 native plugins for Editor in 0.00 ms.
Initialize engine version: 2020.3.14f1 (d0d1bb862f9d)
[Subsystems] Discovering subsystems at path C:/Program Files/Unity/Hub/Editor/2020.3.14f1/Editor/Data/Resources/UnitySubsystems
[Subsystems] Discovering subsystems at path E:/Programacion/Super Mario/Assets
GfxDevice: creating device client; threaded=0
Direct3D:
    Version:  Direct3D 11.0 [level 11.1]
    Renderer: NVIDIA GeForce GTX 1650 (ID=0x1f82)
    Vendor:   
    VRAM:     3962 MB
    Driver:   30.0.14.7141
Initialize mono
Mono path[0] = 'C:/Program Files/Unity/Hub/Editor/2020.3.14f1/Editor/Data/Managed'
Mono path[1] = 'C:/Program Files/Unity/Hub/Editor/2020.3.14f1/Editor/Data/MonoBleedingEdge/lib/mono/unityjit'
Mono config path = 'C:/Program Files/Unity/Hub/Editor/2020.3.14f1/Editor/Data/MonoBleedingEdge/etc'
Using monoOptions --debugger-agent=transport=dt_socket,embedding=1,server=y,suspend=n,address=127.0.0.1:56864
Begin MonoManager ReloadAssembly
Registering precompiled unity dll's ...
Register platform support module: C:/Program Files/Unity/Hub/Editor/2020.3.14f1/Editor/Data/PlaybackEngines/WindowsStandaloneSupport/UnityEditor.WindowsStandalone.Extensions.dll
Registered in 0.002363 seconds.
Native extension for WindowsStandalone target not found
Refreshing native plugins compatible for Editor in 27.35 ms, found 2 plugins.
Preloading 0 native plugins for Editor in 0.00 ms.
Mono: successfully reloaded assembly
- Completed reload, in  1.141 seconds
Domain Reload Profiling:
	ReloadAssembly (1141ms)
		BeginReloadAssembly (59ms)
			ExecutionOrderSort (0ms)
			DisableScriptedObjects (0ms)
			BackupInstance (0ms)
			ReleaseScriptingObjects (0ms)
			CreateAndSetChildDomain (1ms)
		EndReloadAssembly (422ms)
			LoadAssemblies (57ms)
			RebuildTransferFunctionScriptingTraits (0ms)
			SetupTypeCache (161ms)
			ReleaseScriptCaches (0ms)
			RebuildScriptCaches (34ms)
			SetupLoadedEditorAssemblies (159ms)
				LogAssemblyErrors (0ms)
				InitializePlatformSupportModulesInManaged (4ms)
				SetLoadedEditorAssemblies (0ms)
				RefreshPlugins (27ms)
				BeforeProcessingInitializeOnLoad (7ms)
				ProcessInitializeOnLoadAttributes (89ms)
				ProcessInitializeOnLoadMethodAttributes (31ms)
				AfterProcessingInitializeOnLoad (0ms)
				EditorAssembliesLoaded (0ms)
			ExecutionOrderSort2 (0ms)
			AwakeInstancesAfterBackupRestoration (0ms)
Platform modules already initialized, skipping
Registering precompiled user dll's ...
Registered in 0.003923 seconds.
Begin MonoManager ReloadAssembly
Native extension for WindowsStandalone target not found
Refreshing native plugins compatible for Editor in 0.30 ms, found 2 plugins.
Preloading 0 native plugins for Editor in 0.00 ms.
Mono: successfully reloaded assembly
- Completed reload, in  1.053 seconds
Domain Reload Profiling:
	ReloadAssembly (1054ms)
		BeginReloadAssembly (156ms)
			ExecutionOrderSort (0ms)
			DisableScriptedObjects (5ms)
			BackupInstance (0ms)
			ReleaseScriptingObjects (0ms)
			CreateAndSetChildDomain (19ms)
		EndReloadAssembly (830ms)
			LoadAssemblies (90ms)
			RebuildTransferFunctionScriptingTraits (0ms)
			SetupTypeCache (282ms)
			ReleaseScriptCaches (0ms)
			RebuildScriptCaches (43ms)
			SetupLoadedEditorAssemblies (318ms)
				LogAssemblyErrors (0ms)
				InitializePlatformSupportModulesInManaged (5ms)
				SetLoadedEditorAssemblies (0ms)
				RefreshPlugins (0ms)
				BeforeProcessingInitializeOnLoad (61ms)
				ProcessInitializeOnLoadAttributes (238ms)
				ProcessInitializeOnLoadMethodAttributes (5ms)
				AfterProcessingInitializeOnLoad (8ms)
				EditorAssembliesLoaded (0ms)
			ExecutionOrderSort2 (0ms)
			AwakeInstancesAfterBackupRestoration (7ms)
Platform modules already initialized, skipping
========================================================================
Worker process is ready to serve import requests
Launched and connected shader compiler UnityShaderCompiler.exe after 0.05 seconds
Refreshing native plugins compatible for Editor in 0.37 ms, found 2 plugins.
Preloading 0 native plugins for Editor in 0.00 ms.
Unloading 1390 Unused Serialized files (Serialized files now loaded: 0)
System memory in use before: 64.8 MB.
System memory in use after: 64.8 MB.

Unloading 19 unused Assets to reduce memory usage. Loaded Objects now: 1823.
Total: 2.365700 ms (FindLiveObjects: 0.151700 ms CreateObjectMapping: 0.047200 ms MarkObjects: 2.050500 ms  DeleteObjects: 0.115200 ms)

AssetImportParameters requested are different than current active one (requested -> active):
  custom:framework-win-MediaFoundation: 216162199b28c13a410421893ffa2e32 -> 
  custom:video-decoder-ogg-theora: a1e56fd34408186e4bbccfd4996cb3dc -> 
  custom:container-muxer-webm: aa71ff27fc2769a1b78a27578f13a17b -> 
  custom:container-demuxer-webm: 4f35f7cbe854078d1ac9338744f61a02 -> 
  custom:container-demuxer-ogg: 62fdf1f143b41e24485cea50d1cbac27 -> 
  custom:video-encoder-webm-vp8: eb34c28f22e8b96e1ab97ce403110664 -> 
  custom:video-decoder-webm-vp8: 9c59270c3fd7afecdb556c50c9e8de78 -> 
  custom:audio-decoder-ogg-vorbis: bf7c407c2cedff20999df2af8eb42d56 -> 
  custom:audio-encoder-webm-vorbis: bf7c407c2cedff20999df2af8eb42d56 -> 
========================================================================
Received Import Request.
  path: Assets
  artifactKey: Guid(00000000000000001000000000000000) Importer(815301076,1909f56bfc062723c751e8b465ee728b)
Start importing Assets using Guid(00000000000000001000000000000000) Importer(815301076,1909f56bfc062723c751e8b465ee728b)  -> (artifact id: '42d402b061de3733987d63b9cc3b64de') in 0.012648 seconds 
  Import took 0.015063 seconds .

========================================================================
Received Import Request.
  Time since last request: 11.789525 seconds.
  path: Assets/Sounds
  artifactKey: Guid(64df70e428954b345ad89024e52012c2) Importer(815301076,1909f56bfc062723c751e8b465ee728b)
Start importing Assets/Sounds using Guid(64df70e428954b345ad89024e52012c2) Importer(815301076,1909f56bfc062723c751e8b465ee728b)  -> (artifact id: '9a5a482ab277a59964a26e15264f2844') in 0.011274 seconds 
  Import took 0.045180 seconds .

========================================================================
Received Import Request.
  Time since last request: 20.007927 seconds.
  path: Assets/Sounds/1up.wav
  artifactKey: Guid(0de38d7c335016246b6a90377906fee4) Importer(815301076,1909f56bfc062723c751e8b465ee728b)
Start importing Assets/Sounds/1up.wav using Guid(0de38d7c335016246b6a90377906fee4) Importer(815301076,1909f56bfc062723c751e8b465ee728b)  -> (artifact id: '0be89d6b791c1e8857506efccaf6fc22') in 0.294919 seconds 
  Import took 0.297492 seconds .

========================================================================
Received Import Request.
  Time since last request: 0.000280 seconds.
  path: Assets/Sounds/Item.wav
  artifactKey: Guid(76b7d1610997d494a8e2a4cd3098aee4) Importer(815301076,1909f56bfc062723c751e8b465ee728b)
Start importing Assets/Sounds/Item.wav using Guid(76b7d1610997d494a8e2a4cd3098aee4) Importer(815301076,1909f56bfc062723c751e8b465ee728b)  -> (artifact id: '9853dcbc1d45b1cc22a3a4c06b22c2ed') in 0.015324 seconds 
  Import took 0.018101 seconds .

========================================================================
Received Import Request.
  Time since last request: 0.000319 seconds.
  path: Assets/Sounds/Squish.wav
  artifactKey: Guid(1bbcf384409b3204b95cc7cdb39bb32e) Importer(815301076,1909f56bfc062723c751e8b465ee728b)
Start importing Assets/Sounds/Squish.wav using Guid(1bbcf384409b3204b95cc7cdb39bb32e) Importer(815301076,1909f56bfc062723c751e8b465ee728b)  -> (artifact id: '46274ea52c615e496b8c4b05de00b56b') in 0.021615 seconds 
  Import took 0.024288 seconds .

========================================================================
Received Import Request.
  Time since last request: 0.000276 seconds.
  path: Assets/Sounds/Warp.wav
  artifactKey: Guid(ffdcd7a348a69544f84ee692dd53bba8) Importer(815301076,1909f56bfc062723c751e8b465ee728b)
Start importing Assets/Sounds/Warp.wav using Guid(ffdcd7a348a69544f84ee692dd53bba8) Importer(815301076,1909f56bfc062723c751e8b465ee728b)  -> (artifact id: 'd704e1dbebb56edb1742d31ab3da8c4e') in 0.013705 seconds 
  Import took 0.015955 seconds .

========================================================================
Received Import Request.
  Time since last request: 0.000554 seconds.
  path: Assets/Sounds/Fire Ball.wav
  artifactKey: Guid(a0b9df1877b2979408b7daa5ac954640) Importer(815301076,1909f56bfc062723c751e8b465ee728b)
Start importing Assets/Sounds/Fire Ball.wav using Guid(a0b9df1877b2979408b7daa5ac954640) Importer(815301076,1909f56bfc062723c751e8b465ee728b)  -> (artifact id: 'bb82b3c4bfa18f8fd0dd72ee84374daa') in 0.015987 seconds 
  Import took 0.018910 seconds .

========================================================================
Received Import Request.
  Time since last request: 0.000303 seconds.
  path: Assets/Sounds/Bowser Die.wav
  artifactKey: Guid(99b6b4a395373874495a8b1954fa05ad) Importer(815301076,1909f56bfc062723c751e8b465ee728b)
Start importing Assets/Sounds/Bowser Die.wav using Guid(99b6b4a395373874495a8b1954fa05ad) Importer(815301076,1909f56bfc062723c751e8b465ee728b)  -> (artifact id: 'a63096a2cc159f81d5de4e5f99256e19') in 0.019556 seconds 
  Import took 0.031074 seconds .

========================================================================
Received Import Request.
  Time since last request: 0.000438 seconds.
  path: Assets/Sounds/Game Over.wav
  artifactKey: Guid(bcd01fe297d688f49a8986aa34f9899d) Importer(815301076,1909f56bfc062723c751e8b465ee728b)
Start importing Assets/Sounds/Game Over.wav using Guid(bcd01fe297d688f49a8986aa34f9899d) Importer(815301076,1909f56bfc062723c751e8b465ee728b)  -> (artifact id: '4e51ac41146da06a36045428ee8a9a73') in 0.016713 seconds 
  Import took 0.019768 seconds .

========================================================================
Received Import Request.
  Time since last request: 0.000249 seconds.
  path: Assets/Sounds/Break.wav
  artifactKey: Guid(970bfa73ad4b1f744b259826f399e154) Importer(815301076,1909f56bfc062723c751e8b465ee728b)
Start importing Assets/Sounds/Break.wav using Guid(970bfa73ad4b1f744b259826f399e154) Importer(815301076,1909f56bfc062723c751e8b465ee728b)  -> (artifact id: 'de91534f2a03df3ab885203041506271') in 0.016689 seconds 
  Import took 0.020109 seconds .

========================================================================
Received Import Request.
  Time since last request: 0.000280 seconds.
  path: Assets/Sounds/Coin.wav
  artifactKey: Guid(24c6bbf20b3deef4b887d90dd9150bae) Importer(815301076,1909f56bfc062723c751e8b465ee728b)
Start importing Assets/Sounds/Coin.wav using Guid(24c6bbf20b3deef4b887d90dd9150bae) Importer(815301076,1909f56bfc062723c751e8b465ee728b)  -> (artifact id: 'd0996825a7429c0e0956b9b08dec6813') in 0.013567 seconds 
  Import took 0.015986 seconds .

========================================================================
Received Import Request.
  Time since last request: 0.000276 seconds.
  path: Assets/Sounds/Die.wav
  artifactKey: Guid(a9600d32844786744bb432aa7caee8ff) Importer(815301076,1909f56bfc062723c751e8b465ee728b)
Start importing Assets/Sounds/Die.wav using Guid(a9600d32844786744bb432aa7caee8ff) Importer(815301076,1909f56bfc062723c751e8b465ee728b)  -> (artifact id: '92394c53a938bef47605ec6468705d9b') in 0.012972 seconds 
  Import took 0.015297 seconds .

========================================================================
Received Import Request.
  Time since last request: 0.000271 seconds.
  path: Assets/Sounds/Powerup.wav
  artifactKey: Guid(66653af49b02bda4eb2324c6f14764c5) Importer(815301076,1909f56bfc062723c751e8b465ee728b)
Start importing Assets/Sounds/Powerup.wav using Guid(66653af49b02bda4eb2324c6f14764c5) Importer(815301076,1909f56bfc062723c751e8b465ee728b)  -> (artifact id: '01da08aac03b812685b54c2cde462930') in 0.013010 seconds 
  Import took 0.015272 seconds .

========================================================================
Received Import Request.
  Time since last request: 0.000242 seconds.
  path: Assets/Sounds/Enemy Fire.wav
  artifactKey: Guid(08f8a7e36e1e1d945af056ccfa3b55c2) Importer(815301076,1909f56bfc062723c751e8b465ee728b)
Start importing Assets/Sounds/Enemy Fire.wav using Guid(08f8a7e36e1e1d945af056ccfa3b55c2) Importer(815301076,1909f56bfc062723c751e8b465ee728b)  -> (artifact id: 'f8150f678065476f507b961a783958ea') in 0.012078 seconds 
  Import took 0.046345 seconds .

========================================================================
Received Import Request.
  Time since last request: 0.000332 seconds.
  path: Assets/Sounds/Beep.wav
  artifactKey: Guid(273309dc19f496f4f86aad28a7f75f2e) Importer(815301076,1909f56bfc062723c751e8b465ee728b)
Start importing Assets/Sounds/Beep.wav using Guid(273309dc19f496f4f86aad28a7f75f2e) Importer(815301076,1909f56bfc062723c751e8b465ee728b)  -> (artifact id: '65b6bca0312be104c9d30536f5407d9a') in 0.015367 seconds 
  Import took 0.029107 seconds .

========================================================================
Received Import Request.
  Time since last request: 0.000324 seconds.
  path: Assets/Sounds/Vine.wav
  artifactKey: Guid(fcdb350dcdf947f428bbe27e0c4a2b8e) Importer(815301076,1909f56bfc062723c751e8b465ee728b)
Start importing Assets/Sounds/Vine.wav using Guid(fcdb350dcdf947f428bbe27e0c4a2b8e) Importer(815301076,1909f56bfc062723c751e8b465ee728b)  -> (artifact id: 'a308857ec95473ebf55cd0c9c367bd9d') in 0.014382 seconds 
  Import took 0.017825 seconds .

========================================================================
Received Import Request.
  Time since last request: 0.000268 seconds.
  path: Assets/Sounds/Beep.wav
  artifactKey: Guid(273309dc19f496f4f86aad28a7f75f2e) Importer(815301076,1909f56bfc062723c751e8b465ee728b)
Start importing Assets/Sounds/Beep.wav using Guid(273309dc19f496f4f86aad28a7f75f2e) Importer(815301076,1909f56bfc062723c751e8b465ee728b)  -> (artifact id: '65b6bca0312be104c9d30536f5407d9a') in 0.009801 seconds 
  Import took 0.012527 seconds .

========================================================================
Received Import Request.
  Time since last request: 0.000276 seconds.
  path: Assets/Sounds/Jump.wav
  artifactKey: Guid(206b067147e441749b260335d689cdc6) Importer(815301076,1909f56bfc062723c751e8b465ee728b)
Start importing Assets/Sounds/Jump.wav using Guid(206b067147e441749b260335d689cdc6) Importer(815301076,1909f56bfc062723c751e8b465ee728b)  -> (artifact id: '4c21cc1659cc62408295acbe82e4b798') in 0.013780 seconds 
  Import took 0.016411 seconds .

========================================================================
Received Import Request.
  Time since last request: 0.000245 seconds.
  path: Assets/Sounds/Kick.wav
  artifactKey: Guid(bad89fe2606f7014bafe00fe41c166b7) Importer(815301076,1909f56bfc062723c751e8b465ee728b)
Start importing Assets/Sounds/Kick.wav using Guid(bad89fe2606f7014bafe00fe41c166b7) Importer(815301076,1909f56bfc062723c751e8b465ee728b)  -> (artifact id: '415762dea1a0ff8112f0af2feef66c3e') in 0.012366 seconds 
  Import took 0.014567 seconds .

========================================================================
Received Import Request.
  Time since last request: 0.000277 seconds.
  path: Assets/Sounds/Thwomp.wav
  artifactKey: Guid(6ce0e2ec0973ade4d82c6a1d8e8b0a03) Importer(815301076,1909f56bfc062723c751e8b465ee728b)
Start importing Assets/Sounds/Thwomp.wav using Guid(6ce0e2ec0973ade4d82c6a1d8e8b0a03) Importer(815301076,1909f56bfc062723c751e8b465ee728b)  -> (artifact id: '93a07ca877715bd0cac6f3261c0d1b86') in 0.012301 seconds 
  Import took 0.014523 seconds .

========================================================================
Received Import Request.
  Time since last request: 0.000255 seconds.
  path: Assets/Sounds/Flagpole.wav
  artifactKey: Guid(1d60877817cecd045bf99a67372276dd) Importer(815301076,1909f56bfc062723c751e8b465ee728b)
Start importing Assets/Sounds/Flagpole.wav using Guid(1d60877817cecd045bf99a67372276dd) Importer(815301076,1909f56bfc062723c751e8b465ee728b)  -> (artifact id: '30c3c50afbc315759204e8d7b09d00c7') in 0.012422 seconds 
  Import took 0.014690 seconds .

========================================================================
Received Import Request.
  Time since last request: 0.000307 seconds.
  path: Assets/Sounds/Big Jump.wav
  artifactKey: Guid(c29c80e98d343d24099f09f19b3b9ee6) Importer(815301076,1909f56bfc062723c751e8b465ee728b)
Start importing Assets/Sounds/Big Jump.wav using Guid(c29c80e98d343d24099f09f19b3b9ee6) Importer(815301076,1909f56bfc062723c751e8b465ee728b)  -> (artifact id: '689f525df861139d5cac5e931b70c0c0') in 0.014525 seconds 
  Import took 0.017207 seconds .

========================================================================
Received Import Request.
  Time since last request: 0.000277 seconds.
  path: Assets/Sounds/Pause.wav
  artifactKey: Guid(0b6306dc030597e48be2606f49fd2d66) Importer(815301076,1909f56bfc062723c751e8b465ee728b)
Start importing Assets/Sounds/Pause.wav using Guid(0b6306dc030597e48be2606f49fd2d66) Importer(815301076,1909f56bfc062723c751e8b465ee728b)  -> (artifact id: '17286cf7d423a18b4f4903e30465e0b9') in 0.017220 seconds 
  Import took 0.023391 seconds .

========================================================================
Received Import Request.
  Time since last request: 0.000476 seconds.
  path: Assets/Sounds/Skid.wav
  artifactKey: Guid(a2be5d8f84ce6ba4c9857d2c9fcfe8d6) Importer(815301076,1909f56bfc062723c751e8b465ee728b)
Start importing Assets/Sounds/Skid.wav using Guid(a2be5d8f84ce6ba4c9857d2c9fcfe8d6) Importer(815301076,1909f56bfc062723c751e8b465ee728b)  -> (artifact id: 'e82697deb5320a5a112717d5ac14c8de') in 0.015404 seconds 
  Import took 0.017997 seconds .

========================================================================
Received Import Request.
  Time since last request: 0.000235 seconds.
  path: Assets/Sounds/Bump.wav
  artifactKey: Guid(8696114b9354280468e9f7863573e08e) Importer(815301076,1909f56bfc062723c751e8b465ee728b)
Start importing Assets/Sounds/Bump.wav using Guid(8696114b9354280468e9f7863573e08e) Importer(815301076,1909f56bfc062723c751e8b465ee728b)  -> (artifact id: '29db0cfa29dad16b3a6ff4e143d36e76') in 0.016103 seconds 
  Import took 0.019502 seconds .

========================================================================
Received Import Request.
  Time since last request: 13.067192 seconds.
  path: Assets/Sprites
  artifactKey: Guid(8048e772178afb34eaab622dc23d46e4) Importer(815301076,1909f56bfc062723c751e8b465ee728b)
Start importing Assets/Sprites using Guid(8048e772178afb34eaab622dc23d46e4) Importer(815301076,1909f56bfc062723c751e8b465ee728b)  -> (artifact id: '9b5df7fd9dbcac2b7fa4d0bbc3da19c0') in 0.009499 seconds 
  Import took 0.013985 seconds .

========================================================================
Received Import Request.
  Time since last request: 0.100583 seconds.
  path: Assets/Sprites/Banderas.png
  artifactKey: Guid(4f45b4b9171e4d0488c79d9a5515167a) Importer(815301076,1909f56bfc062723c751e8b465ee728b)
Start importing Assets/Sprites/Banderas.png using Guid(4f45b4b9171e4d0488c79d9a5515167a) Importer(815301076,1909f56bfc062723c751e8b465ee728b)  -> (artifact id: '846132befea6cb791c88b6b9845cee51') in 0.107516 seconds 
  Import took 0.111013 seconds .

========================================================================
Received Import Request.
  Time since last request: 0.000274 seconds.
  path: Assets/Sprites/Cajas.png
  artifactKey: Guid(bb34871f0b2828b46a2a5490a6f78262) Importer(815301076,1909f56bfc062723c751e8b465ee728b)
Start importing Assets/Sprites/Cajas.png using Guid(bb34871f0b2828b46a2a5490a6f78262) Importer(815301076,1909f56bfc062723c751e8b465ee728b)  -> (artifact id: 'cc1ec7179bd8ecf210f2cf04ff842a65') in 0.017398 seconds 
  Import took 0.020297 seconds .

========================================================================
Received Import Request.
  Time since last request: 0.000273 seconds.
  path: Assets/Sprites/Nuves.png
  artifactKey: Guid(84027113e77c60746bfb8cbd7fbe53de) Importer(815301076,1909f56bfc062723c751e8b465ee728b)
Start importing Assets/Sprites/Nuves.png using Guid(84027113e77c60746bfb8cbd7fbe53de) Importer(815301076,1909f56bfc062723c751e8b465ee728b)  -> (artifact id: '6883d2dd3df47ca72938b982b2615281') in 0.019229 seconds 
  Import took 0.022259 seconds .

========================================================================
Received Import Request.
  Time since last request: 0.000351 seconds.
  path: Assets/Sprites/Mario.png
  artifactKey: Guid(96af27361fc0de8418d74ad9f2a1e86c) Importer(815301076,1909f56bfc062723c751e8b465ee728b)
Start importing Assets/Sprites/Mario.png using Guid(96af27361fc0de8418d74ad9f2a1e86c) Importer(815301076,1909f56bfc062723c751e8b465ee728b)  -> (artifact id: '7fd9d5675372f54ff69f2534ea4d4719') in 0.016397 seconds 
  Import took 0.019096 seconds .

========================================================================
Received Import Request.
  Time since last request: 0.000304 seconds.
  path: Assets/Sprites/Goombas.png
  artifactKey: Guid(35c20f82f306d2d4bb4ca6ab77e18072) Importer(815301076,1909f56bfc062723c751e8b465ee728b)
Start importing Assets/Sprites/Goombas.png using Guid(35c20f82f306d2d4bb4ca6ab77e18072) Importer(815301076,1909f56bfc062723c751e8b465ee728b)  -> (artifact id: 'e71c413165dea9a78e206208fe19a66c') in 0.016779 seconds 
  Import took 0.019463 seconds .

========================================================================
Received Import Request.
  Time since last request: 0.000363 seconds.
  path: Assets/Sprites/Coins2.png
  artifactKey: Guid(118ac0e5082d2034ca9cb0fa1d8f53f8) Importer(815301076,1909f56bfc062723c751e8b465ee728b)
Start importing Assets/Sprites/Coins2.png using Guid(118ac0e5082d2034ca9cb0fa1d8f53f8) Importer(815301076,1909f56bfc062723c751e8b465ee728b)  -> (artifact id: '1f6c772b3409da338e693328f1e4a632') in 0.021070 seconds 
  Import took 0.140330 seconds .

========================================================================
Received Import Request.
  Time since last request: 0.000449 seconds.
  path: Assets/Sprites/Coins1.png
  artifactKey: Guid(e91c98f82d2c5544bbc464dad1754599) Importer(815301076,1909f56bfc062723c751e8b465ee728b)
Start importing Assets/Sprites/Coins1.png using Guid(e91c98f82d2c5544bbc464dad1754599) Importer(815301076,1909f56bfc062723c751e8b465ee728b)  -> (artifact id: '95b056c845e13e5172a4af85e67cff72') in 0.025779 seconds 
  Import took 0.030564 seconds .

========================================================================
Received Import Request.
  Time since last request: 0.000459 seconds.
  path: Assets/Sprites/Tuberias.png
  artifactKey: Guid(1bf3f8a474b2fc5478d9f6422a37b374) Importer(815301076,1909f56bfc062723c751e8b465ee728b)
Start importing Assets/Sprites/Tuberias.png using Guid(1bf3f8a474b2fc5478d9f6422a37b374) Importer(815301076,1909f56bfc062723c751e8b465ee728b)  -> (artifact id: 'fb3075f729fa4a074c19c0668adf1463') in 0.017762 seconds 
  Import took 0.021244 seconds .

========================================================================
Received Import Request.
  Time since last request: 0.000337 seconds.
  path: Assets/Sprites/Super_Mario_Bros._Logo.png
  artifactKey: Guid(b8436d027d3c73545b7d161a3484975d) Importer(815301076,1909f56bfc062723c751e8b465ee728b)
Start importing Assets/Sprites/Super_Mario_Bros._Logo.png using Guid(b8436d027d3c73545b7d161a3484975d) Importer(815301076,1909f56bfc062723c751e8b465ee728b)  -> (artifact id: 'eac7a8f0655450b0bed82e09e8eb9e42') in 0.027376 seconds 
  Import took 0.199681 seconds .

========================================================================
Received Import Request.
  Time since last request: 0.000537 seconds.
  path: Assets/Sprites/Ladrillos.png
  artifactKey: Guid(680cfe153f84ae04f84fb8344bb31d47) Importer(815301076,1909f56bfc062723c751e8b465ee728b)
Start importing Assets/Sprites/Ladrillos.png using Guid(680cfe153f84ae04f84fb8344bb31d47) Importer(815301076,1909f56bfc062723c751e8b465ee728b)  -> (artifact id: '028d21dc42c908da2c2dbdb00c09d50e') in 0.032644 seconds 
  Import took 0.037843 seconds .

========================================================================
Received Import Request.
  Time since last request: 0.000503 seconds.
  path: Assets/Sprites/Castillo.png
  artifactKey: Guid(1da81ef6f24746a458f6eab77e0f12a8) Importer(815301076,1909f56bfc062723c751e8b465ee728b)
Start importing Assets/Sprites/Castillo.png using Guid(1da81ef6f24746a458f6eab77e0f12a8) Importer(815301076,1909f56bfc062723c751e8b465ee728b)  -> (artifact id: '7c13b2b48e84d9ca0a583be371b8f7b9') in 0.024379 seconds 
  Import took 0.028617 seconds .

========================================================================
Received Import Request.
  Time since last request: 0.000326 seconds.
  path: Assets/Sprites/Montanas.png
  artifactKey: Guid(d7ff586a61488ec4db8fbea7b2f90cdd) Importer(815301076,1909f56bfc062723c751e8b465ee728b)
Start importing Assets/Sprites/Montanas.png using Guid(d7ff586a61488ec4db8fbea7b2f90cdd) Importer(815301076,1909f56bfc062723c751e8b465ee728b)  -> (artifact id: '12664cbb1a09147542791ee93e2067c9') in 0.017547 seconds 
  Import took 0.020604 seconds .

========================================================================
Received Import Request.
  Time since last request: 0.000287 seconds.
  path: Assets/Sprites/Hierbas.png
  artifactKey: Guid(6147c627673d8d44e89010aed0d5fa01) Importer(815301076,1909f56bfc062723c751e8b465ee728b)
Start importing Assets/Sprites/Hierbas.png using Guid(6147c627673d8d44e89010aed0d5fa01) Importer(815301076,1909f56bfc062723c751e8b465ee728b)  -> (artifact id: 'b241e87a1025fe6f9c648feb0e085b08') in 0.019439 seconds 
  Import took 0.022250 seconds .

========================================================================
Received Import Request.
  Time since last request: 338.247197 seconds.
  path: Assets/Sprites/Super_Mario_Bros._Logo.png
  artifactKey: Guid(b8436d027d3c73545b7d161a3484975d) Importer(815301076,1909f56bfc062723c751e8b465ee728b)
Start importing Assets/Sprites/Super_Mario_Bros._Logo.png using Guid(b8436d027d3c73545b7d161a3484975d) Importer(815301076,1909f56bfc062723c751e8b465ee728b)  -> (artifact id: '7215772377795b60f66812cfa554a3a6') in 0.044901 seconds 
  Import took 0.048248 seconds .

========================================================================
Received Import Request.
  Time since last request: 0.000367 seconds.
  path: Assets/Sprites/Banderas.png
  artifactKey: Guid(4f45b4b9171e4d0488c79d9a5515167a) Importer(815301076,1909f56bfc062723c751e8b465ee728b)
Start importing Assets/Sprites/Banderas.png using Guid(4f45b4b9171e4d0488c79d9a5515167a) Importer(815301076,1909f56bfc062723c751e8b465ee728b)  -> (artifact id: '38f4741540783779b1b3658524041085') in 0.020769 seconds 
  Import took 0.023437 seconds .

========================================================================
Received Import Request.
  Time since last request: 0.000304 seconds.
  path: Assets/Sprites/Cajas.png
  artifactKey: Guid(bb34871f0b2828b46a2a5490a6f78262) Importer(815301076,1909f56bfc062723c751e8b465ee728b)
Start importing Assets/Sprites/Cajas.png using Guid(bb34871f0b2828b46a2a5490a6f78262) Importer(815301076,1909f56bfc062723c751e8b465ee728b)  -> (artifact id: 'c69f22c5e23281bce8753523b4854d9c') in 0.034199 seconds 
  Import took 0.049133 seconds .

========================================================================
Received Import Request.
  Time since last request: 0.000231 seconds.
  path: Assets/Sprites/Nuves.png
  artifactKey: Guid(84027113e77c60746bfb8cbd7fbe53de) Importer(815301076,1909f56bfc062723c751e8b465ee728b)
Start importing Assets/Sprites/Nuves.png using Guid(84027113e77c60746bfb8cbd7fbe53de) Importer(815301076,1909f56bfc062723c751e8b465ee728b)  -> (artifact id: 'bf2100b29f5f6cc960b61279e009cd1c') in 0.021721 seconds 
  Import took 0.024311 seconds .

========================================================================
Received Import Request.
  Time since last request: 0.000220 seconds.
  path: Assets/Sprites/Mario.png
  artifactKey: Guid(96af27361fc0de8418d74ad9f2a1e86c) Importer(815301076,1909f56bfc062723c751e8b465ee728b)
Start importing Assets/Sprites/Mario.png using Guid(96af27361fc0de8418d74ad9f2a1e86c) Importer(815301076,1909f56bfc062723c751e8b465ee728b)  -> (artifact id: '9d2cd56e8ef292e4b7d171dc24f2d264') in 0.029680 seconds 
  Import took 0.032144 seconds .

========================================================================
Received Import Request.
  Time since last request: 0.000224 seconds.
  path: Assets/Sprites/Goombas.png
  artifactKey: Guid(35c20f82f306d2d4bb4ca6ab77e18072) Importer(815301076,1909f56bfc062723c751e8b465ee728b)
Start importing Assets/Sprites/Goombas.png using Guid(35c20f82f306d2d4bb4ca6ab77e18072) Importer(815301076,1909f56bfc062723c751e8b465ee728b)  -> (artifact id: 'd1877b66aa7331174c5fa82d9e2b26cd') in 0.017162 seconds 
  Import took 0.019635 seconds .

========================================================================
Received Import Request.
  Time since last request: 0.000220 seconds.
  path: Assets/Sprites/Coins2.png
  artifactKey: Guid(118ac0e5082d2034ca9cb0fa1d8f53f8) Importer(815301076,1909f56bfc062723c751e8b465ee728b)
Start importing Assets/Sprites/Coins2.png using Guid(118ac0e5082d2034ca9cb0fa1d8f53f8) Importer(815301076,1909f56bfc062723c751e8b465ee728b)  -> (artifact id: 'a0648293f5765c60872e705f00e2851a') in 0.027298 seconds 
  Import took 0.032563 seconds .

========================================================================
Received Import Request.
  Time since last request: 0.000200 seconds.
  path: Assets/Sprites/Coins1.png
  artifactKey: Guid(e91c98f82d2c5544bbc464dad1754599) Importer(815301076,1909f56bfc062723c751e8b465ee728b)
Start importing Assets/Sprites/Coins1.png using Guid(e91c98f82d2c5544bbc464dad1754599) Importer(815301076,1909f56bfc062723c751e8b465ee728b)  -> (artifact id: 'a773ef77a6d195982ade85526cbcf8f7') in 0.021213 seconds 
  Import took 0.025320 seconds .

========================================================================
Received Import Request.
  Time since last request: 0.000287 seconds.
  path: Assets/Sprites/Tuberias.png
  artifactKey: Guid(1bf3f8a474b2fc5478d9f6422a37b374) Importer(815301076,1909f56bfc062723c751e8b465ee728b)
Start importing Assets/Sprites/Tuberias.png using Guid(1bf3f8a474b2fc5478d9f6422a37b374) Importer(815301076,1909f56bfc062723c751e8b465ee728b)  -> (artifact id: '20ca389ffcafa63162b3a825556b6c71') in 0.014769 seconds 
  Import took 0.017299 seconds .

========================================================================
Received Import Request.
  Time since last request: 0.000204 seconds.
  path: Assets/Sprites/Ladrillos.png
  artifactKey: Guid(680cfe153f84ae04f84fb8344bb31d47) Importer(815301076,1909f56bfc062723c751e8b465ee728b)
Start importing Assets/Sprites/Ladrillos.png using Guid(680cfe153f84ae04f84fb8344bb31d47) Importer(815301076,1909f56bfc062723c751e8b465ee728b)  -> (artifact id: 'c0a12346d2c766db41a0b105c553fe5c') in 0.015189 seconds 
  Import took 0.017720 seconds .

========================================================================
Received Import Request.
  Time since last request: 0.000188 seconds.
  path: Assets/Sprites/Castillo.png
  artifactKey: Guid(1da81ef6f24746a458f6eab77e0f12a8) Importer(815301076,1909f56bfc062723c751e8b465ee728b)
Start importing Assets/Sprites/Castillo.png using Guid(1da81ef6f24746a458f6eab77e0f12a8) Importer(815301076,1909f56bfc062723c751e8b465ee728b)  -> (artifact id: '72a54ffce53f6930b7745a6142f3f8d0') in 0.014916 seconds 
  Import took 0.017609 seconds .

========================================================================
Received Import Request.
  Time since last request: 0.000195 seconds.
  path: Assets/Sprites/Montanas.png
  artifactKey: Guid(d7ff586a61488ec4db8fbea7b2f90cdd) Importer(815301076,1909f56bfc062723c751e8b465ee728b)
Start importing Assets/Sprites/Montanas.png using Guid(d7ff586a61488ec4db8fbea7b2f90cdd) Importer(815301076,1909f56bfc062723c751e8b465ee728b)  -> (artifact id: '79d22fe85bdbf2ee86136c7b95919442') in 0.014136 seconds 
  Import took 0.016724 seconds .

========================================================================
Received Import Request.
  Time since last request: 0.000437 seconds.
  path: Assets/Sprites/Hierbas.png
  artifactKey: Guid(6147c627673d8d44e89010aed0d5fa01) Importer(815301076,1909f56bfc062723c751e8b465ee728b)
Start importing Assets/Sprites/Hierbas.png using Guid(6147c627673d8d44e89010aed0d5fa01) Importer(815301076,1909f56bfc062723c751e8b465ee728b)  -> (artifact id: 'e2ccb2457f786f92338165cfab5e967b') in 0.016967 seconds 
  Import took 0.022686 seconds .

========================================================================
Received Import Request.
  Time since last request: 93.333955 seconds.
  path: Assets/Sprites/Ladrillos.png
  artifactKey: Guid(680cfe153f84ae04f84fb8344bb31d47) Importer(815301076,1909f56bfc062723c751e8b465ee728b)
Start importing Assets/Sprites/Ladrillos.png using Guid(680cfe153f84ae04f84fb8344bb31d47) Importer(815301076,1909f56bfc062723c751e8b465ee728b)  -> (artifact id: 'beae435ea3e76ac2690f70946f053363') in 0.012978 seconds 
  Import took 0.015895 seconds .

========================================================================
Received Import Request.
  Time since last request: 0.007202 seconds.
  path: Assets/Sprites/Ladrillos.png
  artifactKey: Guid(680cfe153f84ae04f84fb8344bb31d47) Importer(815301076,1909f56bfc062723c751e8b465ee728b)
Start importing Assets/Sprites/Ladrillos.png using Guid(680cfe153f84ae04f84fb8344bb31d47) Importer(815301076,1909f56bfc062723c751e8b465ee728b)  -> (artifact id: 'beae435ea3e76ac2690f70946f053363') in 0.321637 seconds 
  Import took 0.326484 seconds .

========================================================================
Received Prepare
Registering precompiled user dll's ...
Registered in 0.004258 seconds.
Begin MonoManager ReloadAssembly
Native extension for WindowsStandalone target not found
Refreshing native plugins compatible for Editor in 0.32 ms, found 2 plugins.
Preloading 0 native plugins for Editor in 0.00 ms.
Mono: successfully reloaded assembly
- Completed reload, in  1.015 seconds
Domain Reload Profiling:
	ReloadAssembly (1015ms)
		BeginReloadAssembly (120ms)
			ExecutionOrderSort (0ms)
			DisableScriptedObjects (4ms)
			BackupInstance (0ms)
			ReleaseScriptingObjects (0ms)
			CreateAndSetChildDomain (32ms)
		EndReloadAssembly (825ms)
			LoadAssemblies (95ms)
			RebuildTransferFunctionScriptingTraits (0ms)
			SetupTypeCache (305ms)
			ReleaseScriptCaches (1ms)
			RebuildScriptCaches (39ms)
			SetupLoadedEditorAssemblies (283ms)
				LogAssemblyErrors (0ms)
				InitializePlatformSupportModulesInManaged (5ms)
				SetLoadedEditorAssemblies (0ms)
				RefreshPlugins (0ms)
				BeforeProcessingInitializeOnLoad (49ms)
				ProcessInitializeOnLoadAttributes (216ms)
				ProcessInitializeOnLoadMethodAttributes (4ms)
				AfterProcessingInitializeOnLoad (7ms)
				EditorAssembliesLoaded (0ms)
			ExecutionOrderSort2 (0ms)
			AwakeInstancesAfterBackupRestoration (7ms)
Platform modules already initialized, skipping
Refreshing native plugins compatible for Editor in 0.35 ms, found 2 plugins.
Preloading 0 native plugins for Editor in 0.00 ms.
Unloading 1419 Unused Serialized files (Serialized files now loaded: 0)
System memory in use before: 69.0 MB.
System memory in use after: 69.1 MB.

Unloading 14 unused Assets to reduce memory usage. Loaded Objects now: 1905.
Total: 2.229100 ms (FindLiveObjects: 0.157800 ms CreateObjectMapping: 0.055500 ms MarkObjects: 1.930700 ms  DeleteObjects: 0.084100 ms)

AssetImportParameters requested are different than current active one (requested -> active):
  custom:framework-win-MediaFoundation: 216162199b28c13a410421893ffa2e32 -> 
  custom:video-decoder-ogg-theora: a1e56fd34408186e4bbccfd4996cb3dc -> 
  custom:container-muxer-webm: aa71ff27fc2769a1b78a27578f13a17b -> 
  custom:container-demuxer-webm: 4f35f7cbe854078d1ac9338744f61a02 -> 
  custom:container-demuxer-ogg: 62fdf1f143b41e24485cea50d1cbac27 -> 
  custom:video-encoder-webm-vp8: eb34c28f22e8b96e1ab97ce403110664 -> 
  custom:video-decoder-webm-vp8: 9c59270c3fd7afecdb556c50c9e8de78 -> 
  custom:audio-decoder-ogg-vorbis: bf7c407c2cedff20999df2af8eb42d56 -> 
  custom:audio-encoder-webm-vorbis: bf7c407c2cedff20999df2af8eb42d56 -> 
========================================================================
Received Import Request.
  Time since last request: 517.902153 seconds.
  path: Assets/Sprites/Ladrillos.png
  artifactKey: Guid(680cfe153f84ae04f84fb8344bb31d47) Importer(815301076,1909f56bfc062723c751e8b465ee728b)
Start importing Assets/Sprites/Ladrillos.png using Guid(680cfe153f84ae04f84fb8344bb31d47) Importer(815301076,1909f56bfc062723c751e8b465ee728b)  -> (artifact id: 'a8a2cc3ed05e26387103c1fe8ff47b5a') in 0.057412 seconds 
  Import took 0.060394 seconds .

========================================================================
Received Import Request.
  Time since last request: 141.549760 seconds.
  path: Assets/Sprites/Ladrillos.png
  artifactKey: Guid(680cfe153f84ae04f84fb8344bb31d47) Importer(815301076,1909f56bfc062723c751e8b465ee728b)
Start importing Assets/Sprites/Ladrillos.png using Guid(680cfe153f84ae04f84fb8344bb31d47) Importer(815301076,1909f56bfc062723c751e8b465ee728b)  -> (artifact id: 'b6954576bcbf0d3675a3a81e9317cf44') in 0.021969 seconds 
  Import took 0.025750 seconds .

========================================================================
Received Import Request.
  Time since last request: 0.005336 seconds.
  path: Assets/Sprites/Ladrillos.png
  artifactKey: Guid(680cfe153f84ae04f84fb8344bb31d47) Importer(815301076,1909f56bfc062723c751e8b465ee728b)
Start importing Assets/Sprites/Ladrillos.png using Guid(680cfe153f84ae04f84fb8344bb31d47) Importer(815301076,1909f56bfc062723c751e8b465ee728b)  -> (artifact id: 'b6954576bcbf0d3675a3a81e9317cf44') in 0.015720 seconds 
  Import took 0.019358 seconds .

========================================================================
Received Import Request.
  Time since last request: 386.554154 seconds.
  path: Assets/Sprites/Ladrillos.png
  artifactKey: Guid(680cfe153f84ae04f84fb8344bb31d47) Importer(815301076,1909f56bfc062723c751e8b465ee728b)
Start importing Assets/Sprites/Ladrillos.png using Guid(680cfe153f84ae04f84fb8344bb31d47) Importer(815301076,1909f56bfc062723c751e8b465ee728b)  -> (artifact id: '7e1ab7775062eca186d10a95e3b447cc') in 0.018456 seconds 
  Import took 0.021766 seconds .

========================================================================
Received Import Request.
  Time since last request: 0.005515 seconds.
  path: Assets/Sprites/Ladrillos.png
  artifactKey: Guid(680cfe153f84ae04f84fb8344bb31d47) Importer(815301076,1909f56bfc062723c751e8b465ee728b)
Start importing Assets/Sprites/Ladrillos.png using Guid(680cfe153f84ae04f84fb8344bb31d47) Importer(815301076,1909f56bfc062723c751e8b465ee728b)  -> (artifact id: '7e1ab7775062eca186d10a95e3b447cc') in 0.022993 seconds 
  Import took 0.026861 seconds .

========================================================================
Received Import Request.
  Time since last request: 1340.286298 seconds.
  path: Assets/Sprites/Hierbas.png
  artifactKey: Guid(6147c627673d8d44e89010aed0d5fa01) Importer(815301076,1909f56bfc062723c751e8b465ee728b)
Start importing Assets/Sprites/Hierbas.png using Guid(6147c627673d8d44e89010aed0d5fa01) Importer(815301076,1909f56bfc062723c751e8b465ee728b)  -> (artifact id: '116f82568d667afacc1e4e04f0028d41') in 0.016615 seconds 
  Import took 0.021344 seconds .

========================================================================
Received Import Request.
  Time since last request: 0.003744 seconds.
  path: Assets/Sprites/Hierbas.png
  artifactKey: Guid(6147c627673d8d44e89010aed0d5fa01) Importer(815301076,1909f56bfc062723c751e8b465ee728b)
Start importing Assets/Sprites/Hierbas.png using Guid(6147c627673d8d44e89010aed0d5fa01) Importer(815301076,1909f56bfc062723c751e8b465ee728b)  -> (artifact id: '116f82568d667afacc1e4e04f0028d41') in 0.328093 seconds 
  Import took 0.333301 seconds .

========================================================================
Received Import Request.
  Time since last request: 99.578914 seconds.
  path: Assets/Sprites/Hierbas.png
  artifactKey: Guid(6147c627673d8d44e89010aed0d5fa01) Importer(815301076,1909f56bfc062723c751e8b465ee728b)
Start importing Assets/Sprites/Hierbas.png using Guid(6147c627673d8d44e89010aed0d5fa01) Importer(815301076,1909f56bfc062723c751e8b465ee728b)  -> (artifact id: 'd73d34d4587c7a51040db369bbac4cfb') in 0.026743 seconds 
  Import took 0.030079 seconds .

========================================================================
Received Import Request.
  Time since last request: 427.745782 seconds.
  path: Assets/Sprites/Montanas.png
  artifactKey: Guid(d7ff586a61488ec4db8fbea7b2f90cdd) Importer(815301076,1909f56bfc062723c751e8b465ee728b)
Start importing Assets/Sprites/Montanas.png using Guid(d7ff586a61488ec4db8fbea7b2f90cdd) Importer(815301076,1909f56bfc062723c751e8b465ee728b)  -> (artifact id: '6bc13f256f8242bfef505259f96773d8') in 0.022153 seconds 
  Import took 0.027785 seconds .

========================================================================
Received Import Request.
  Time since last request: 0.006158 seconds.
  path: Assets/Sprites/Montanas.png
  artifactKey: Guid(d7ff586a61488ec4db8fbea7b2f90cdd) Importer(815301076,1909f56bfc062723c751e8b465ee728b)
Start importing Assets/Sprites/Montanas.png using Guid(d7ff586a61488ec4db8fbea7b2f90cdd) Importer(815301076,1909f56bfc062723c751e8b465ee728b)  -> (artifact id: '6bc13f256f8242bfef505259f96773d8') in 0.012109 seconds 
  Import took 0.015032 seconds .

========================================================================
Received Import Request.
  Time since last request: 25.897511 seconds.
  path: Assets/Sprites/Montanas.png
  artifactKey: Guid(d7ff586a61488ec4db8fbea7b2f90cdd) Importer(815301076,1909f56bfc062723c751e8b465ee728b)
Start importing Assets/Sprites/Montanas.png using Guid(d7ff586a61488ec4db8fbea7b2f90cdd) Importer(815301076,1909f56bfc062723c751e8b465ee728b)  -> (artifact id: '0fff2e0542dc737026f21a45ed4ab362') in 0.020408 seconds 
  Import took 0.024003 seconds .

========================================================================
Received Import Request.
  Time since last request: 0.003283 seconds.
  path: Assets/Sprites/Montanas.png
  artifactKey: Guid(d7ff586a61488ec4db8fbea7b2f90cdd) Importer(815301076,1909f56bfc062723c751e8b465ee728b)
Start importing Assets/Sprites/Montanas.png using Guid(d7ff586a61488ec4db8fbea7b2f90cdd) Importer(815301076,1909f56bfc062723c751e8b465ee728b)  -> (artifact id: '0fff2e0542dc737026f21a45ed4ab362') in 0.018483 seconds 
  Import took 0.021844 seconds .

========================================================================
Received Import Request.
  Time since last request: 192.574903 seconds.
  path: Assets/Sprites/Montanas.png
  artifactKey: Guid(d7ff586a61488ec4db8fbea7b2f90cdd) Importer(815301076,1909f56bfc062723c751e8b465ee728b)
Start importing Assets/Sprites/Montanas.png using Guid(d7ff586a61488ec4db8fbea7b2f90cdd) Importer(815301076,1909f56bfc062723c751e8b465ee728b)  -> (artifact id: '6ac8361ba8f252c495e6f69f646c55f6') in 0.022479 seconds 
  Import took 0.043735 seconds .

========================================================================
Received Import Request.
  Time since last request: 188.339093 seconds.
  path: Assets/Sprites/Nuves.png
  artifactKey: Guid(84027113e77c60746bfb8cbd7fbe53de) Importer(815301076,1909f56bfc062723c751e8b465ee728b)
Start importing Assets/Sprites/Nuves.png using Guid(84027113e77c60746bfb8cbd7fbe53de) Importer(815301076,1909f56bfc062723c751e8b465ee728b)  -> (artifact id: '25b2711850570d4e664960e1083b0212') in 0.012160 seconds 
  Import took 0.015203 seconds .

========================================================================
Received Import Request.
  Time since last request: 0.000379 seconds.
  path: Assets/Sprites/Nuves.png
  artifactKey: Guid(84027113e77c60746bfb8cbd7fbe53de) Importer(815301076,1909f56bfc062723c751e8b465ee728b)
Start importing Assets/Sprites/Nuves.png using Guid(84027113e77c60746bfb8cbd7fbe53de) Importer(815301076,1909f56bfc062723c751e8b465ee728b)  -> (artifact id: '25b2711850570d4e664960e1083b0212') in 0.018403 seconds 
  Import took 0.021647 seconds .

========================================================================
Received Import Request.
  Time since last request: 38.568360 seconds.
  path: Assets/Sprites/Nuves.png
  artifactKey: Guid(84027113e77c60746bfb8cbd7fbe53de) Importer(815301076,1909f56bfc062723c751e8b465ee728b)
Start importing Assets/Sprites/Nuves.png using Guid(84027113e77c60746bfb8cbd7fbe53de) Importer(815301076,1909f56bfc062723c751e8b465ee728b)  -> (artifact id: 'f749627c14c139d7cd6d88abae03b604') in 0.018946 seconds 
  Import took 0.021904 seconds .

========================================================================
Received Import Request.
  Time since last request: 0.011437 seconds.
  path: Assets/Sprites/Nuves.png
  artifactKey: Guid(84027113e77c60746bfb8cbd7fbe53de) Importer(815301076,1909f56bfc062723c751e8b465ee728b)
Start importing Assets/Sprites/Nuves.png using Guid(84027113e77c60746bfb8cbd7fbe53de) Importer(815301076,1909f56bfc062723c751e8b465ee728b)  -> (artifact id: 'f749627c14c139d7cd6d88abae03b604') in 0.301193 seconds 
  Import took 0.306343 seconds .

========================================================================
Received Import Request.
  Time since last request: 80.706942 seconds.
  path: Assets/Sprites/Cajas.png
  artifactKey: Guid(bb34871f0b2828b46a2a5490a6f78262) Importer(815301076,1909f56bfc062723c751e8b465ee728b)
Start importing Assets/Sprites/Cajas.png using Guid(bb34871f0b2828b46a2a5490a6f78262) Importer(815301076,1909f56bfc062723c751e8b465ee728b)  -> (artifact id: '809333038a260f11e4578922456dfa5d') in 0.021490 seconds 
  Import took 0.026236 seconds .

========================================================================
Received Import Request.
  Time since last request: 0.013896 seconds.
  path: Assets/Sprites/Cajas.png
  artifactKey: Guid(bb34871f0b2828b46a2a5490a6f78262) Importer(815301076,1909f56bfc062723c751e8b465ee728b)
Start importing Assets/Sprites/Cajas.png using Guid(bb34871f0b2828b46a2a5490a6f78262) Importer(815301076,1909f56bfc062723c751e8b465ee728b)  -> (artifact id: '809333038a260f11e4578922456dfa5d') in 0.011434 seconds 
  Import took 0.015016 seconds .

========================================================================
Received Import Request.
  Time since last request: 89.819386 seconds.
  path: Assets/Sprites/Cajas.png
  artifactKey: Guid(bb34871f0b2828b46a2a5490a6f78262) Importer(815301076,1909f56bfc062723c751e8b465ee728b)
Start importing Assets/Sprites/Cajas.png using Guid(bb34871f0b2828b46a2a5490a6f78262) Importer(815301076,1909f56bfc062723c751e8b465ee728b)  -> (artifact id: '00b5e1a1527cc3b903b306cc97e72dac') in 0.021131 seconds 
  Import took 0.024193 seconds .

========================================================================
Received Import Request.
  Time since last request: 200.392411 seconds.
  path: Assets/Sprites/Ladrillos.png
  artifactKey: Guid(680cfe153f84ae04f84fb8344bb31d47) Importer(815301076,1909f56bfc062723c751e8b465ee728b)
Start importing Assets/Sprites/Ladrillos.png using Guid(680cfe153f84ae04f84fb8344bb31d47) Importer(815301076,1909f56bfc062723c751e8b465ee728b)  -> (artifact id: 'aa83967124b8e30b33661cc422c85831') in 0.028850 seconds 
  Import took 0.032171 seconds .

========================================================================
Received Import Request.
  Time since last request: 426.466978 seconds.
  path: Assets/Sprites/Goombas.png
  artifactKey: Guid(35c20f82f306d2d4bb4ca6ab77e18072) Importer(815301076,1909f56bfc062723c751e8b465ee728b)
Start importing Assets/Sprites/Goombas.png using Guid(35c20f82f306d2d4bb4ca6ab77e18072) Importer(815301076,1909f56bfc062723c751e8b465ee728b)  -> (artifact id: '4251700e78735294ed1061f30e72c40a') in 0.023728 seconds 
  Import took 0.028590 seconds .

========================================================================
Received Import Request.
  Time since last request: 0.005084 seconds.
  path: Assets/Sprites/Goombas.png
  artifactKey: Guid(35c20f82f306d2d4bb4ca6ab77e18072) Importer(815301076,1909f56bfc062723c751e8b465ee728b)
Start importing Assets/Sprites/Goombas.png using Guid(35c20f82f306d2d4bb4ca6ab77e18072) Importer(815301076,1909f56bfc062723c751e8b465ee728b)  -> (artifact id: '4251700e78735294ed1061f30e72c40a') in 0.012311 seconds 
  Import took 0.015862 seconds .

========================================================================
Received Import Request.
  Time since last request: 31.282442 seconds.
  path: Assets/Sprites/Goombas.png
  artifactKey: Guid(35c20f82f306d2d4bb4ca6ab77e18072) Importer(815301076,1909f56bfc062723c751e8b465ee728b)
Start importing Assets/Sprites/Goombas.png using Guid(35c20f82f306d2d4bb4ca6ab77e18072) Importer(815301076,1909f56bfc062723c751e8b465ee728b)  -> (artifact id: '166fb763f1db8fe70aa617dc9a4e8670') in 0.016779 seconds 
  Import took 0.020627 seconds .

========================================================================
Received Import Request.
  Time since last request: 0.009734 seconds.
  path: Assets/Sprites/Goombas.png
  artifactKey: Guid(35c20f82f306d2d4bb4ca6ab77e18072) Importer(815301076,1909f56bfc062723c751e8b465ee728b)
Start importing Assets/Sprites/Goombas.png using Guid(35c20f82f306d2d4bb4ca6ab77e18072) Importer(815301076,1909f56bfc062723c751e8b465ee728b)  -> (artifact id: '166fb763f1db8fe70aa617dc9a4e8670') in 0.327918 seconds 
  Import took 0.332624 seconds .

========================================================================
Received Import Request.
  Time since last request: 126.308412 seconds.
  path: Assets/Sprites/Hierbas.png
  artifactKey: Guid(6147c627673d8d44e89010aed0d5fa01) Importer(815301076,1909f56bfc062723c751e8b465ee728b)
Start importing Assets/Sprites/Hierbas.png using Guid(6147c627673d8d44e89010aed0d5fa01) Importer(815301076,1909f56bfc062723c751e8b465ee728b)  -> (artifact id: '3ff3d450bb188a460089b944bdf36dea') in 0.038520 seconds 
  Import took 0.041381 seconds .

========================================================================
Received Import Request.
  Time since last request: 110.211062 seconds.
  path: Assets/Sprites/Tuberias.png
  artifactKey: Guid(1bf3f8a474b2fc5478d9f6422a37b374) Importer(815301076,1909f56bfc062723c751e8b465ee728b)
Start importing Assets/Sprites/Tuberias.png using Guid(1bf3f8a474b2fc5478d9f6422a37b374) Importer(815301076,1909f56bfc062723c751e8b465ee728b)  -> (artifact id: 'ba7a5a297c520d573eb000fb3d7d1bb5') in 0.018064 seconds 
  Import took 0.021586 seconds .

========================================================================
Received Import Request.
  Time since last request: 0.017822 seconds.
  path: Assets/Sprites/Tuberias.png
  artifactKey: Guid(1bf3f8a474b2fc5478d9f6422a37b374) Importer(815301076,1909f56bfc062723c751e8b465ee728b)
Start importing Assets/Sprites/Tuberias.png using Guid(1bf3f8a474b2fc5478d9f6422a37b374) Importer(815301076,1909f56bfc062723c751e8b465ee728b)  -> (artifact id: 'ba7a5a297c520d573eb000fb3d7d1bb5') in 0.016634 seconds 
  Import took 0.020153 seconds .

========================================================================
Received Import Request.
  Time since last request: 39.159807 seconds.
  path: Assets/Sprites/Tuberias.png
  artifactKey: Guid(1bf3f8a474b2fc5478d9f6422a37b374) Importer(815301076,1909f56bfc062723c751e8b465ee728b)
Start importing Assets/Sprites/Tuberias.png using Guid(1bf3f8a474b2fc5478d9f6422a37b374) Importer(815301076,1909f56bfc062723c751e8b465ee728b)  -> (artifact id: '075bdb76d41ab73d61b5352e1bb9bc8d') in 0.022167 seconds 
  Import took 0.025682 seconds .

========================================================================
Received Import Request.
  Time since last request: 557.594142 seconds.
  path: Assets/Sprites/Tuberias.png
  artifactKey: Guid(1bf3f8a474b2fc5478d9f6422a37b374) Importer(815301076,1909f56bfc062723c751e8b465ee728b)
Start importing Assets/Sprites/Tuberias.png using Guid(1bf3f8a474b2fc5478d9f6422a37b374) Importer(815301076,1909f56bfc062723c751e8b465ee728b)  -> (artifact id: 'bab8eecdc1db9858bfbc923818a07b23') in 0.030627 seconds 
  Import took 0.033802 seconds .

========================================================================
Received Import Request.
  Time since last request: 768.472595 seconds.
  path: Assets/Sprites/Hierbas.png
  artifactKey: Guid(6147c627673d8d44e89010aed0d5fa01) Importer(815301076,1909f56bfc062723c751e8b465ee728b)
Start importing Assets/Sprites/Hierbas.png using Guid(6147c627673d8d44e89010aed0d5fa01) Importer(815301076,1909f56bfc062723c751e8b465ee728b)  -> (artifact id: 'c072d9703e57d3981cefe9f7fafad697') in 0.039913 seconds 
  Import took 0.043583 seconds .

AssetImportWorkerClient::OnTransportError - code=2 error=End of file
