Using pre-set license
Built from '2020.3/staging' branch; Version is '2020.3.24f1 (79c78de19888) revision 7980941'; Using compiler version '192528614'; Build Type 'Release'
OS: 'Windows 10  (10.0.19043) 64bit Professional' Language: 'es' Physical Memory: 16155 MB
BatchMode: 1, IsHumanControllingUs: 0, StartBugReporterOnCrash: 0, Is64bit: 1, IsPro: 0

COMMAND LINE ARGUMENTS:
C:\Program Files\Unity\Hub\Editor\2020.3.24f1\Editor\Unity.exe
-adb2
-batchMode
-noUpm
-name
AssetImportWorker0
-projectPath
C:/Users/Ariadna/Desktop/Super-mario
-logFile
Logs/AssetImportWorker0.log
-srvPort
60351
Successfully changed project path to: C:/Users/Ariadna/Desktop/Super-mario
C:/Users/Ariadna/Desktop/Super-mario
Using Asset Import Pipeline V2.
Refreshing native plugins compatible for Editor in 38.75 ms, found 2 plugins.
Preloading 0 native plugins for Editor in 0.00 ms.
Initialize engine version: 2020.3.24f1 (79c78de19888)
[Subsystems] Discovering subsystems at path C:/Program Files/Unity/Hub/Editor/2020.3.24f1/Editor/Data/Resources/UnitySubsystems
[Subsystems] Discovering subsystems at path C:/Users/Ariadna/Desktop/Super-mario/Assets
GfxDevice: creating device client; threaded=0
Direct3D:
    Version:  Direct3D 11.0 [level 11.1]
    Renderer: NVIDIA GeForce GTX 1650 Ti (ID=0x1f95)
    Vendor:   
    VRAM:     3962 MB
    Driver:   27.21.14.6280
Initialize mono
Mono path[0] = 'C:/Program Files/Unity/Hub/Editor/2020.3.24f1/Editor/Data/Managed'
Mono path[1] = 'C:/Program Files/Unity/Hub/Editor/2020.3.24f1/Editor/Data/MonoBleedingEdge/lib/mono/unityjit'
Mono config path = 'C:/Program Files/Unity/Hub/Editor/2020.3.24f1/Editor/Data/MonoBleedingEdge/etc'
Using monoOptions --debugger-agent=transport=dt_socket,embedding=1,server=y,suspend=n,address=127.0.0.1:56952
Begin MonoManager ReloadAssembly
Registering precompiled unity dll's ...
Register platform support module: C:/Program Files/Unity/Hub/Editor/2020.3.24f1/Editor/Data/PlaybackEngines/WebGLSupport/UnityEditor.WebGL.Extensions.dll
Register platform support module: C:/Program Files/Unity/Hub/Editor/2020.3.24f1/Editor/Data/PlaybackEngines/WindowsStandaloneSupport/UnityEditor.WindowsStandalone.Extensions.dll
Registered in 0.001962 seconds.
Native extension for WindowsStandalone target not found
Native extension for WebGL target not found
Refreshing native plugins compatible for Editor in 40.75 ms, found 2 plugins.
Preloading 0 native plugins for Editor in 0.00 ms.
Mono: successfully reloaded assembly
- Completed reload, in  0.642 seconds
Domain Reload Profiling:
	ReloadAssembly (642ms)
		BeginReloadAssembly (62ms)
			ExecutionOrderSort (0ms)
			DisableScriptedObjects (0ms)
			BackupInstance (0ms)
			ReleaseScriptingObjects (0ms)
			CreateAndSetChildDomain (1ms)
		EndReloadAssembly (502ms)
			LoadAssemblies (61ms)
			RebuildTransferFunctionScriptingTraits (0ms)
			SetupTypeCache (170ms)
			ReleaseScriptCaches (0ms)
			RebuildScriptCaches (40ms)
			SetupLoadedEditorAssemblies (187ms)
				LogAssemblyErrors (0ms)
				InitializePlatformSupportModulesInManaged (6ms)
				SetLoadedEditorAssemblies (1ms)
				RefreshPlugins (41ms)
				BeforeProcessingInitializeOnLoad (13ms)
				ProcessInitializeOnLoadAttributes (95ms)
				ProcessInitializeOnLoadMethodAttributes (32ms)
				AfterProcessingInitializeOnLoad (0ms)
				EditorAssembliesLoaded (0ms)
			ExecutionOrderSort2 (0ms)
			AwakeInstancesAfterBackupRestoration (0ms)
Platform modules already initialized, skipping
Registering precompiled user dll's ...
Registered in 0.003932 seconds.
Begin MonoManager ReloadAssembly
Native extension for WindowsStandalone target not found
Native extension for WebGL target not found
Refreshing native plugins compatible for Editor in 0.34 ms, found 2 plugins.
Preloading 0 native plugins for Editor in 0.00 ms.
Mono: successfully reloaded assembly
- Completed reload, in  1.096 seconds
Domain Reload Profiling:
	ReloadAssembly (1096ms)
		BeginReloadAssembly (159ms)
			ExecutionOrderSort (0ms)
			DisableScriptedObjects (7ms)
			BackupInstance (0ms)
			ReleaseScriptingObjects (0ms)
			CreateAndSetChildDomain (20ms)
		EndReloadAssembly (872ms)
			LoadAssemblies (85ms)
			RebuildTransferFunctionScriptingTraits (0ms)
			SetupTypeCache (314ms)
			ReleaseScriptCaches (0ms)
			RebuildScriptCaches (48ms)
			SetupLoadedEditorAssemblies (316ms)
				LogAssemblyErrors (0ms)
				InitializePlatformSupportModulesInManaged (6ms)
				SetLoadedEditorAssemblies (0ms)
				RefreshPlugins (0ms)
				BeforeProcessingInitializeOnLoad (62ms)
				ProcessInitializeOnLoadAttributes (232ms)
				ProcessInitializeOnLoadMethodAttributes (10ms)
				AfterProcessingInitializeOnLoad (5ms)
				EditorAssembliesLoaded (0ms)
			ExecutionOrderSort2 (0ms)
			AwakeInstancesAfterBackupRestoration (7ms)
Platform modules already initialized, skipping
========================================================================
Worker process is ready to serve import requests
Launched and connected shader compiler UnityShaderCompiler.exe after 0.08 seconds
Refreshing native plugins compatible for Editor in 0.73 ms, found 2 plugins.
Preloading 0 native plugins for Editor in 0.00 ms.
Unloading 1534 Unused Serialized files (Serialized files now loaded: 0)
System memory in use before: 69.7 MB.
System memory in use after: 69.8 MB.

Unloading 19 unused Assets to reduce memory usage. Loaded Objects now: 1966.
Total: 3.749500 ms (FindLiveObjects: 0.209800 ms CreateObjectMapping: 0.072400 ms MarkObjects: 3.373400 ms  DeleteObjects: 0.092200 ms)

AssetImportParameters requested are different than current active one (requested -> active):
  custom:framework-win-MediaFoundation: 216162199b28c13a410421893ffa2e32 -> 
  custom:video-decoder-ogg-theora: a1e56fd34408186e4bbccfd4996cb3dc -> 
  custom:container-muxer-webm: aa71ff27fc2769a1b78a27578f13a17b -> 
  custom:container-demuxer-webm: 4f35f7cbe854078d1ac9338744f61a02 -> 
  custom:container-demuxer-ogg: 62fdf1f143b41e24485cea50d1cbac27 -> 
  custom:video-encoder-webm-vp8: eb34c28f22e8b96e1ab97ce403110664 -> 
  custom:video-decoder-webm-vp8: 9c59270c3fd7afecdb556c50c9e8de78 -> 
  custom:audio-decoder-ogg-vorbis: bf7c407c2cedff20999df2af8eb42d56 -> 
  custom:audio-encoder-webm-vorbis: bf7c407c2cedff20999df2af8eb42d56 -> 
========================================================================
Received Import Request.
  path: Assets/Sprites
  artifactKey: Guid(8048e772178afb34eaab622dc23d46e4) Importer(815301076,1909f56bfc062723c751e8b465ee728b)
Start importing Assets/Sprites using Guid(8048e772178afb34eaab622dc23d46e4) Importer(815301076,1909f56bfc062723c751e8b465ee728b)  -> (artifact id: 'f3c2adbfe7c615da7438da1ad355ff7d') in 0.011714 seconds 
  Import took 0.014774 seconds .

========================================================================
Received Import Request.
  Time since last request: 0.941322 seconds.
  path: Assets/Sprites/Banderas.png
  artifactKey: Guid(4f45b4b9171e4d0488c79d9a5515167a) Importer(815301076,1909f56bfc062723c751e8b465ee728b)
Start importing Assets/Sprites/Banderas.png using Guid(4f45b4b9171e4d0488c79d9a5515167a) Importer(815301076,1909f56bfc062723c751e8b465ee728b)  -> (artifact id: '34705a371494dfd8be195763e03564e1') in 0.211964 seconds 
  Import took 0.218285 seconds .

========================================================================
Received Import Request.
  Time since last request: 0.000286 seconds.
  path: Assets/Sprites/Cajas.png
  artifactKey: Guid(bb34871f0b2828b46a2a5490a6f78262) Importer(815301076,1909f56bfc062723c751e8b465ee728b)
Start importing Assets/Sprites/Cajas.png using Guid(bb34871f0b2828b46a2a5490a6f78262) Importer(815301076,1909f56bfc062723c751e8b465ee728b)  -> (artifact id: '3a0ad643e9ce6103c442ddd662545629') in 0.033490 seconds 
  Import took 0.038404 seconds .

========================================================================
Received Import Request.
  Time since last request: 0.000275 seconds.
  path: Assets/Sprites/Nuves.png
  artifactKey: Guid(84027113e77c60746bfb8cbd7fbe53de) Importer(815301076,1909f56bfc062723c751e8b465ee728b)
Start importing Assets/Sprites/Nuves.png using Guid(84027113e77c60746bfb8cbd7fbe53de) Importer(815301076,1909f56bfc062723c751e8b465ee728b)  -> (artifact id: '5dfa634b7e7a13ab3e95a80d5fb536ad') in 0.026190 seconds 
  Import took 0.031500 seconds .

========================================================================
Received Import Request.
  Time since last request: 0.000338 seconds.
  path: Assets/Sprites/Mario.png
  artifactKey: Guid(96af27361fc0de8418d74ad9f2a1e86c) Importer(815301076,1909f56bfc062723c751e8b465ee728b)
Start importing Assets/Sprites/Mario.png using Guid(96af27361fc0de8418d74ad9f2a1e86c) Importer(815301076,1909f56bfc062723c751e8b465ee728b)  -> (artifact id: '8be2e509c23aa9e581df92ff9e38c6d3') in 0.031903 seconds 
  Import took 0.038364 seconds .

========================================================================
Received Import Request.
  Time since last request: 0.000295 seconds.
  path: Assets/Sprites/Goombas.png
  artifactKey: Guid(35c20f82f306d2d4bb4ca6ab77e18072) Importer(815301076,1909f56bfc062723c751e8b465ee728b)
Start importing Assets/Sprites/Goombas.png using Guid(35c20f82f306d2d4bb4ca6ab77e18072) Importer(815301076,1909f56bfc062723c751e8b465ee728b)  -> (artifact id: '37daa98f416e1ca0282a906e89be4f2f') in 0.022446 seconds 
  Import took 0.026479 seconds .

========================================================================
Received Import Request.
  Time since last request: 0.000254 seconds.
  path: Assets/Sprites/Coins2.png
  artifactKey: Guid(118ac0e5082d2034ca9cb0fa1d8f53f8) Importer(815301076,1909f56bfc062723c751e8b465ee728b)
Start importing Assets/Sprites/Coins2.png using Guid(118ac0e5082d2034ca9cb0fa1d8f53f8) Importer(815301076,1909f56bfc062723c751e8b465ee728b)  -> (artifact id: 'd7cbe202e26910a58879ebe2f428fed3') in 0.022731 seconds 
  Import took 0.028747 seconds .

========================================================================
Received Import Request.
  Time since last request: 0.000417 seconds.
  path: Assets/Sprites/Coins1.png
  artifactKey: Guid(e91c98f82d2c5544bbc464dad1754599) Importer(815301076,1909f56bfc062723c751e8b465ee728b)
Start importing Assets/Sprites/Coins1.png using Guid(e91c98f82d2c5544bbc464dad1754599) Importer(815301076,1909f56bfc062723c751e8b465ee728b)  -> (artifact id: 'fa9134cef59eb31af4652d4d5b3b5a7e') in 0.024009 seconds 
  Import took 0.029217 seconds .

========================================================================
Received Import Request.
  Time since last request: 0.000363 seconds.
  path: Assets/Sprites/Tuberias.png
  artifactKey: Guid(1bf3f8a474b2fc5478d9f6422a37b374) Importer(815301076,1909f56bfc062723c751e8b465ee728b)
Start importing Assets/Sprites/Tuberias.png using Guid(1bf3f8a474b2fc5478d9f6422a37b374) Importer(815301076,1909f56bfc062723c751e8b465ee728b)  -> (artifact id: 'b67e4f5531bd1a70998e7f8ff524cbea') in 0.036988 seconds 
  Import took 0.041645 seconds .

========================================================================
Received Import Request.
  Time since last request: 0.000781 seconds.
  path: Assets/Sprites/Super_Mario_Bros._Logo.png
  artifactKey: Guid(b8436d027d3c73545b7d161a3484975d) Importer(815301076,1909f56bfc062723c751e8b465ee728b)
Start importing Assets/Sprites/Super_Mario_Bros._Logo.png using Guid(b8436d027d3c73545b7d161a3484975d) Importer(815301076,1909f56bfc062723c751e8b465ee728b)  -> (artifact id: 'f09c19eb5db5245cd7e587eb8f3460a2') in 0.032636 seconds 
  Import took 0.036811 seconds .

========================================================================
Received Import Request.
  Time since last request: 0.000291 seconds.
  path: Assets/Sprites/Ladrillos.png
  artifactKey: Guid(680cfe153f84ae04f84fb8344bb31d47) Importer(815301076,1909f56bfc062723c751e8b465ee728b)
Start importing Assets/Sprites/Ladrillos.png using Guid(680cfe153f84ae04f84fb8344bb31d47) Importer(815301076,1909f56bfc062723c751e8b465ee728b)  -> (artifact id: '6b487d99e56a551816afadc19b654ca4') in 0.025261 seconds 
  Import took 0.030557 seconds .

========================================================================
Received Import Request.
  Time since last request: 0.000438 seconds.
  path: Assets/Sprites/Castillo.png
  artifactKey: Guid(1da81ef6f24746a458f6eab77e0f12a8) Importer(815301076,1909f56bfc062723c751e8b465ee728b)
Start importing Assets/Sprites/Castillo.png using Guid(1da81ef6f24746a458f6eab77e0f12a8) Importer(815301076,1909f56bfc062723c751e8b465ee728b)  -> (artifact id: '706958474ef8ce1ff4d1a8fd3c4a278b') in 0.024602 seconds 
  Import took 0.028349 seconds .

========================================================================
Received Import Request.
  Time since last request: 0.000327 seconds.
  path: Assets/Sprites/Montanas.png
  artifactKey: Guid(d7ff586a61488ec4db8fbea7b2f90cdd) Importer(815301076,1909f56bfc062723c751e8b465ee728b)
Start importing Assets/Sprites/Montanas.png using Guid(d7ff586a61488ec4db8fbea7b2f90cdd) Importer(815301076,1909f56bfc062723c751e8b465ee728b)  -> (artifact id: '60e9beedebdefa4d9fd339a65a5db3f0') in 0.031034 seconds 
  Import took 0.035904 seconds .

========================================================================
Received Import Request.
  Time since last request: 0.000345 seconds.
  path: Assets/Sprites/Hierbas.png
  artifactKey: Guid(6147c627673d8d44e89010aed0d5fa01) Importer(815301076,1909f56bfc062723c751e8b465ee728b)
Start importing Assets/Sprites/Hierbas.png using Guid(6147c627673d8d44e89010aed0d5fa01) Importer(815301076,1909f56bfc062723c751e8b465ee728b)  -> (artifact id: '01a3d30bf88d0319951590af47d5a4a4') in 0.039981 seconds 
  Import took 0.044245 seconds .

========================================================================
Received Import Request.
  Time since last request: 1225.553232 seconds.
  path: Assets/Sprites/Nuves.png
  artifactKey: Guid(84027113e77c60746bfb8cbd7fbe53de) Importer(815301076,1909f56bfc062723c751e8b465ee728b)
Start importing Assets/Sprites/Nuves.png using Guid(84027113e77c60746bfb8cbd7fbe53de) Importer(815301076,1909f56bfc062723c751e8b465ee728b)  -> (artifact id: '5a6797d95df2b324add2c9f5f47efe1d') in 0.056642 seconds 
  Import took 0.061059 seconds .

========================================================================
Received Import Request.
  Time since last request: 170.875367 seconds.
  path: Assets/Sprites/Nuves.png
  artifactKey: Guid(84027113e77c60746bfb8cbd7fbe53de) Importer(815301076,1909f56bfc062723c751e8b465ee728b)
Start importing Assets/Sprites/Nuves.png using Guid(84027113e77c60746bfb8cbd7fbe53de) Importer(815301076,1909f56bfc062723c751e8b465ee728b)  -> (artifact id: '3c51248136a032185ac1f449ff664a39') in 0.037085 seconds 
  Import took 0.041252 seconds .

AssetImportWorkerClient::OnTransportError - code=2 error=End of file
